2023-05-16 02:55:58,309 p=2566 u=ec2-user n=ansible | [DEPRECATION WARNING]: Ansible will require Python 3.8 or newer on the 
controller starting with Ansible 2.12. Current version: 3.7.16 (default, Mar 10
 2023, 03:25:26) [GCC 7.3.1 20180712 (Red Hat 7.3.1-15)]. This feature will be 
removed from ansible-core in version 2.12. Deprecation warnings can be disabled
 by setting deprecation_warnings=False in ansible.cfg.
2023-05-16 02:56:10,272 p=2566 u=ec2-user n=ansible | 52.207.220.57 | UNREACHABLE! => {
    "changed": false,
    "msg": "Failed to connect to the host via ssh: Warning: Permanently added '52.207.220.57' (ECDSA) to the list of known hosts.\r\nPermission denied (publickey,gssapi-keyex,gssapi-with-mic).",
    "unreachable": true
}
2023-05-16 02:58:12,301 p=2566 u=ec2-user n=ansible |  [ERROR]: User interrupted execution

2023-05-16 03:00:37,966 p=2617 u=ec2-user n=ansible | 52.207.220.57 | UNREACHABLE! => {
    "changed": false,
    "msg": "Failed to connect to the host via ssh: Permission denied (publickey,gssapi-keyex,gssapi-with-mic).",
    "unreachable": true
}
2023-05-16 03:00:53,843 p=2617 u=ec2-user n=ansible |  [ERROR]: User interrupted execution

2023-05-16 03:12:09,052 p=2718 u=ec2-user n=ansible | [WARNING]: Platform linux on host 52.207.220.57 is using the discovered Python
interpreter at /usr/bin/python, but future installation of another Python
interpreter could change the meaning of that path. See
https://docs.ansible.com/ansible-
core/2.11/reference_appendices/interpreter_discovery.html for more information.

2023-05-16 03:12:09,053 p=2718 u=ec2-user n=ansible | 52.207.220.57 | SUCCESS => {
    "ansible_facts": {
        "discovered_interpreter_python": "/usr/bin/python"
    },
    "changed": false,
    "ping": "pong"
}
2023-05-16 03:12:19,883 p=2718 u=ec2-user n=ansible |  [ERROR]: User interrupted execution

2023-05-16 03:14:08,075 p=2751 u=ec2-user n=ansible | [WARNING]: Platform linux on host 52.207.220.57 is using the discovered Python
interpreter at /usr/bin/python, but future installation of another Python
interpreter could change the meaning of that path. See
https://docs.ansible.com/ansible-
core/2.11/reference_appendices/interpreter_discovery.html for more information.

2023-05-16 03:14:08,076 p=2751 u=ec2-user n=ansible | 52.207.220.57 | SUCCESS => {
    "ansible_facts": {
        "discovered_interpreter_python": "/usr/bin/python"
    },
    "changed": false,
    "ping": "pong"
}
2023-05-16 03:14:08,319 p=2751 u=ec2-user n=ansible | [WARNING]: Platform linux on host 35.171.203.196 is using the discovered Python
interpreter at /usr/bin/python, but future installation of another Python
interpreter could change the meaning of that path. See
https://docs.ansible.com/ansible-
core/2.11/reference_appendices/interpreter_discovery.html for more information.

2023-05-16 03:14:08,319 p=2751 u=ec2-user n=ansible | 35.171.203.196 | SUCCESS => {
    "ansible_facts": {
        "discovered_interpreter_python": "/usr/bin/python"
    },
    "changed": false,
    "ping": "pong"
}
2023-05-16 03:15:32,809 p=2791 u=ec2-user n=ansible | [WARNING]: Platform linux on host 52.207.220.57 is using the discovered Python
interpreter at /usr/bin/python, but future installation of another Python
interpreter could change the meaning of that path. See
https://docs.ansible.com/ansible-
core/2.11/reference_appendices/interpreter_discovery.html for more information.

2023-05-16 03:15:32,809 p=2791 u=ec2-user n=ansible | 52.207.220.57 | SUCCESS => {
    "ansible_facts": {
        "discovered_interpreter_python": "/usr/bin/python"
    },
    "changed": false,
    "ping": "pong"
}
2023-05-16 03:15:32,946 p=2791 u=ec2-user n=ansible | [WARNING]: Platform linux on host 35.171.203.196 is using the discovered Python
interpreter at /usr/bin/python, but future installation of another Python
interpreter could change the meaning of that path. See
https://docs.ansible.com/ansible-
core/2.11/reference_appendices/interpreter_discovery.html for more information.

2023-05-16 03:15:32,947 p=2791 u=ec2-user n=ansible | 35.171.203.196 | SUCCESS => {
    "ansible_facts": {
        "discovered_interpreter_python": "/usr/bin/python"
    },
    "changed": false,
    "ping": "pong"
}
2023-05-16 03:17:10,036 p=2830 u=ec2-user n=ansible | [WARNING]: Platform linux on host 52.207.220.57 is using the discovered Python
interpreter at /usr/bin/python, but future installation of another Python
interpreter could change the meaning of that path. See
https://docs.ansible.com/ansible-
core/2.11/reference_appendices/interpreter_discovery.html for more information.

2023-05-16 03:17:10,037 p=2830 u=ec2-user n=ansible | 52.207.220.57 | SUCCESS => {
    "ansible_facts": {
        "discovered_interpreter_python": "/usr/bin/python"
    },
    "changed": false,
    "ping": "pong"
}
2023-05-16 03:17:10,147 p=2830 u=ec2-user n=ansible | [WARNING]: Platform linux on host 35.171.203.196 is using the discovered Python
interpreter at /usr/bin/python, but future installation of another Python
interpreter could change the meaning of that path. See
https://docs.ansible.com/ansible-
core/2.11/reference_appendices/interpreter_discovery.html for more information.

2023-05-16 03:17:10,147 p=2830 u=ec2-user n=ansible | 35.171.203.196 | SUCCESS => {
    "ansible_facts": {
        "discovered_interpreter_python": "/usr/bin/python"
    },
    "changed": false,
    "ping": "pong"
}
2023-05-16 03:18:19,416 p=2869 u=ec2-user n=ansible | [WARNING]: Platform linux on host 35.171.203.196 is using the discovered Python
interpreter at /usr/bin/python, but future installation of another Python
interpreter could change the meaning of that path. See
https://docs.ansible.com/ansible-
core/2.11/reference_appendices/interpreter_discovery.html for more information.

2023-05-16 03:18:19,416 p=2869 u=ec2-user n=ansible | 35.171.203.196 | SUCCESS => {
    "ansible_facts": {
        "discovered_interpreter_python": "/usr/bin/python"
    },
    "changed": false,
    "ping": "pong"
}
2023-05-16 03:18:19,484 p=2869 u=ec2-user n=ansible | [WARNING]: Platform linux on host 52.207.220.57 is using the discovered Python
interpreter at /usr/bin/python, but future installation of another Python
interpreter could change the meaning of that path. See
https://docs.ansible.com/ansible-
core/2.11/reference_appendices/interpreter_discovery.html for more information.

2023-05-16 03:18:19,484 p=2869 u=ec2-user n=ansible | 52.207.220.57 | SUCCESS => {
    "ansible_facts": {
        "discovered_interpreter_python": "/usr/bin/python"
    },
    "changed": false,
    "ping": "pong"
}
2023-05-16 03:19:37,893 p=2909 u=ec2-user n=ansible | [WARNING]: Platform linux on host 35.171.203.196 is using the discovered Python
interpreter at /usr/bin/python, but future installation of another Python
interpreter could change the meaning of that path. See
https://docs.ansible.com/ansible-
core/2.11/reference_appendices/interpreter_discovery.html for more information.

2023-05-16 03:19:37,894 p=2909 u=ec2-user n=ansible | 35.171.203.196 | SUCCESS => {
    "ansible_facts": {
        "discovered_interpreter_python": "/usr/bin/python"
    },
    "changed": false,
    "ping": "pong"
}
2023-05-16 03:19:37,895 p=2909 u=ec2-user n=ansible | [WARNING]: Platform linux on host 52.207.220.57 is using the discovered Python
interpreter at /usr/bin/python, but future installation of another Python
interpreter could change the meaning of that path. See
https://docs.ansible.com/ansible-
core/2.11/reference_appendices/interpreter_discovery.html for more information.

2023-05-16 03:19:37,896 p=2909 u=ec2-user n=ansible | 52.207.220.57 | SUCCESS => {
    "ansible_facts": {
        "discovered_interpreter_python": "/usr/bin/python"
    },
    "changed": false,
    "ping": "pong"
}
2023-05-16 03:26:44,533 p=2960 u=ec2-user n=ansible | [WARNING]: Platform linux on host 35.171.203.196 is using the discovered Python
interpreter at /usr/bin/python, but future installation of another Python
interpreter could change the meaning of that path. See
https://docs.ansible.com/ansible-
core/2.11/reference_appendices/interpreter_discovery.html for more information.

2023-05-16 03:26:44,533 p=2960 u=ec2-user n=ansible | 35.171.203.196 | SUCCESS => {
    "ansible_facts": {
        "discovered_interpreter_python": "/usr/bin/python"
    },
    "changed": false,
    "ping": "pong"
}
2023-05-16 03:26:44,568 p=2960 u=ec2-user n=ansible | [WARNING]: Platform linux on host 52.207.220.57 is using the discovered Python
interpreter at /usr/bin/python, but future installation of another Python
interpreter could change the meaning of that path. See
https://docs.ansible.com/ansible-
core/2.11/reference_appendices/interpreter_discovery.html for more information.

2023-05-16 03:26:44,569 p=2960 u=ec2-user n=ansible | 52.207.220.57 | SUCCESS => {
    "ansible_facts": {
        "discovered_interpreter_python": "/usr/bin/python"
    },
    "changed": false,
    "ping": "pong"
}
2023-05-16 03:32:31,606 p=31764 u=ec2-user n=ansible | [WARNING]: Could not match supplied host pattern, ignoring: webserver

2023-05-16 03:32:31,606 p=31764 u=ec2-user n=ansible | [WARNING]: No hosts matched, nothing to do

2023-05-16 03:34:58,763 p=31773 u=ec2-user n=ansible | [WARNING]: Platform linux on host 35.171.203.196 is using the discovered Python
interpreter at /usr/bin/python, but future installation of another Python
interpreter could change the meaning of that path. See
https://docs.ansible.com/ansible-
core/2.11/reference_appendices/interpreter_discovery.html for more information.

2023-05-16 03:34:58,763 p=31773 u=ec2-user n=ansible | 35.171.203.196 | CHANGED | rc=0 >>
Tue May 16 03:34:58 UTC 2023

2023-05-16 03:34:58,869 p=31773 u=ec2-user n=ansible | [WARNING]: Platform linux on host 52.207.220.57 is using the discovered Python
interpreter at /usr/bin/python, but future installation of another Python
interpreter could change the meaning of that path. See
https://docs.ansible.com/ansible-
core/2.11/reference_appendices/interpreter_discovery.html for more information.

2023-05-16 03:34:58,870 p=31773 u=ec2-user n=ansible | 52.207.220.57 | CHANGED | rc=0 >>
Tue May 16 03:34:58 UTC 2023

2023-05-16 03:35:43,114 p=31861 u=ec2-user n=ansible | [WARNING]: Platform linux on host 52.207.220.57 is using the discovered Python
interpreter at /usr/bin/python, but future installation of another Python
interpreter could change the meaning of that path. See
https://docs.ansible.com/ansible-
core/2.11/reference_appendices/interpreter_discovery.html for more information.

2023-05-16 03:35:43,114 p=31861 u=ec2-user n=ansible | 52.207.220.57 | CHANGED | rc=0 >>
              total        used        free      shared  buff/cache   available
Mem:            944          85         361           0         496         720
Swap:             0           0           0

2023-05-16 03:35:43,297 p=31861 u=ec2-user n=ansible | [WARNING]: Platform linux on host 35.171.203.196 is using the discovered Python
interpreter at /usr/bin/python, but future installation of another Python
interpreter could change the meaning of that path. See
https://docs.ansible.com/ansible-
core/2.11/reference_appendices/interpreter_discovery.html for more information.

2023-05-16 03:35:43,297 p=31861 u=ec2-user n=ansible | 35.171.203.196 | CHANGED | rc=0 >>
              total        used        free      shared  buff/cache   available
Mem:           1942          86        1357           0         497        1712
Swap:             0           0           0

2023-05-16 03:36:25,587 p=31892 u=ec2-user n=ansible | [WARNING]: Platform linux on host 35.171.203.196 is using the discovered Python
interpreter at /usr/bin/python, but future installation of another Python
interpreter could change the meaning of that path. See
https://docs.ansible.com/ansible-
core/2.11/reference_appendices/interpreter_discovery.html for more information.

2023-05-16 03:36:25,587 p=31892 u=ec2-user n=ansible | 35.171.203.196 | CHANGED | rc=0 >>
4.14.313-235.533.amzn2.x86_64

2023-05-16 03:36:25,949 p=31892 u=ec2-user n=ansible | [WARNING]: Platform linux on host 52.207.220.57 is using the discovered Python
interpreter at /usr/bin/python, but future installation of another Python
interpreter could change the meaning of that path. See
https://docs.ansible.com/ansible-
core/2.11/reference_appendices/interpreter_discovery.html for more information.

2023-05-16 03:36:25,949 p=31892 u=ec2-user n=ansible | 52.207.220.57 | CHANGED | rc=0 >>
4.14.313-235.533.amzn2.x86_64

2023-05-16 03:37:32,584 p=31923 u=ec2-user n=ansible | [WARNING]: Platform linux on host 35.171.203.196 is using the discovered Python
interpreter at /usr/bin/python, but future installation of another Python
interpreter could change the meaning of that path. See
https://docs.ansible.com/ansible-
core/2.11/reference_appendices/interpreter_discovery.html for more information.

2023-05-16 03:37:32,584 p=31923 u=ec2-user n=ansible | 35.171.203.196 | CHANGED | rc=0 >>
2

2023-05-16 03:37:32,704 p=31923 u=ec2-user n=ansible | [WARNING]: Platform linux on host 52.207.220.57 is using the discovered Python
interpreter at /usr/bin/python, but future installation of another Python
interpreter could change the meaning of that path. See
https://docs.ansible.com/ansible-
core/2.11/reference_appendices/interpreter_discovery.html for more information.

2023-05-16 03:37:32,704 p=31923 u=ec2-user n=ansible | 52.207.220.57 | CHANGED | rc=0 >>
2

2023-05-16 03:39:03,610 p=31960 u=ec2-user n=ansible | [WARNING]: Platform linux on host 35.171.203.196 is using the discovered Python
interpreter at /usr/bin/python, but future installation of another Python
interpreter could change the meaning of that path. See
https://docs.ansible.com/ansible-
core/2.11/reference_appendices/interpreter_discovery.html for more information.

2023-05-16 03:39:03,610 p=31960 u=ec2-user n=ansible | 35.171.203.196 | CHANGED | rc=0 >>
ip-172-31-5-124.ec2.internal

2023-05-16 03:39:03,694 p=31960 u=ec2-user n=ansible | [WARNING]: Platform linux on host 52.207.220.57 is using the discovered Python
interpreter at /usr/bin/python, but future installation of another Python
interpreter could change the meaning of that path. See
https://docs.ansible.com/ansible-
core/2.11/reference_appendices/interpreter_discovery.html for more information.

2023-05-16 03:39:03,695 p=31960 u=ec2-user n=ansible | 52.207.220.57 | CHANGED | rc=0 >>
ip-172-31-88-202.ec2.internal

2023-05-16 03:39:47,540 p=31997 u=ec2-user n=ansible | [WARNING]: Platform linux on host 35.171.203.196 is using the discovered Python
interpreter at /usr/bin/python, but future installation of another Python
interpreter could change the meaning of that path. See
https://docs.ansible.com/ansible-
core/2.11/reference_appendices/interpreter_discovery.html for more information.

2023-05-16 03:39:47,540 p=31997 u=ec2-user n=ansible | 35.171.203.196 | CHANGED | rc=0 >>
ip-172-31-5-124.ec2.internal

2023-05-16 03:40:06,934 p=32022 u=ec2-user n=ansible | [WARNING]: Platform linux on host 52.207.220.57 is using the discovered Python
interpreter at /usr/bin/python, but future installation of another Python
interpreter could change the meaning of that path. See
https://docs.ansible.com/ansible-
core/2.11/reference_appendices/interpreter_discovery.html for more information.

2023-05-16 03:40:06,935 p=32022 u=ec2-user n=ansible | 52.207.220.57 | CHANGED | rc=0 >>
ip-172-31-88-202.ec2.internal

2023-05-16 03:58:09,737 p=32115 u=ec2-user n=ansible | [WARNING]: Platform linux on host 52.207.220.57 is using the discovered Python
interpreter at /usr/bin/python, but future installation of another Python
interpreter could change the meaning of that path. See
https://docs.ansible.com/ansible-
core/2.11/reference_appendices/interpreter_discovery.html for more information.

2023-05-16 03:58:09,738 p=32115 u=ec2-user n=ansible | 52.207.220.57 | CHANGED | rc=0 >>
Tue May 16 03:58:09 UTC 2023

2023-05-16 03:58:09,831 p=32115 u=ec2-user n=ansible | [WARNING]: Platform linux on host 35.171.203.196 is using the discovered Python
interpreter at /usr/bin/python, but future installation of another Python
interpreter could change the meaning of that path. See
https://docs.ansible.com/ansible-
core/2.11/reference_appendices/interpreter_discovery.html for more information.

2023-05-16 03:58:09,831 p=32115 u=ec2-user n=ansible | 35.171.203.196 | CHANGED | rc=0 >>
Tue May 16 03:58:09 UTC 2023

2023-05-16 04:00:32,901 p=32165 u=ec2-user n=ansible | [WARNING]: Platform linux on host 35.171.203.196 is using the discovered Python
interpreter at /usr/bin/python, but future installation of another Python
interpreter could change the meaning of that path. See
https://docs.ansible.com/ansible-
core/2.11/reference_appendices/interpreter_discovery.html for more information.

2023-05-16 04:00:32,902 p=32165 u=ec2-user n=ansible | 35.171.203.196 | CHANGED => {
    "ansible_facts": {
        "discovered_interpreter_python": "/usr/bin/python"
    },
    "changed": true,
    "dest": "/home/ec2-user/tesst",
    "gid": 1000,
    "group": "ec2-user",
    "mode": "0664",
    "owner": "ec2-user",
    "size": 0,
    "state": "file",
    "uid": 1000
}
2023-05-16 18:45:45,509 p=3659 u=ec2-user n=ansible | [WARNING]: Platform linux on host 52.207.220.57 is using the discovered Python
interpreter at /usr/bin/python, but future installation of another Python
interpreter could change the meaning of that path. See
https://docs.ansible.com/ansible-
core/2.11/reference_appendices/interpreter_discovery.html for more information.

2023-05-16 18:45:45,510 p=3659 u=ec2-user n=ansible | 52.207.220.57 | CHANGED => {
    "ansible_facts": {
        "discovered_interpreter_python": "/usr/bin/python"
    },
    "changed": true,
    "gid": 1000,
    "group": "ec2-user",
    "mode": "0775",
    "owner": "ec2-user",
    "path": "/home/ec2-user/tesst",
    "size": 6,
    "state": "directory",
    "uid": 1000
}
2023-05-16 19:20:52,473 p=3816 u=ec2-user n=ansible | ERROR! A malformed block was encountered while loading tasks: {'-name': 'creating user', 'user': {'name': 'eunice', 'comment': 'eunice Admin', 'shell': '/bin/bash'}} should be a list or None but is <class 'ansible.parsing.yaml.objects.AnsibleMapping'>

The error appears to be in '/home/ec2-user/play.yml': line 2, column 3, but may
be elsewhere in the file depending on the exact syntax problem.

The offending line appears to be:

---
- hosts: devserver
  ^ here

2023-05-16 19:29:08,677 p=3836 u=ec2-user n=ansible | ERROR! A malformed block was encountered while loading tasks: {'-name': 'creating user', 'user': {'name': 'serge', 'comment': 'serge Admin', 'shell': '/bin/bash'}} should be a list or None but is <class 'ansible.parsing.yaml.objects.AnsibleMapping'>

The error appears to be in '/home/ec2-user/playa.yml': line 2, column 3, but may
be elsewhere in the file depending on the exact syntax problem.

The offending line appears to be:

---
- hosts: devserver
  ^ here

2023-05-16 19:32:19,297 p=3851 u=ec2-user n=ansible | playbook: playa.yml
2023-05-16 19:34:28,198 p=3858 u=ec2-user n=ansible | PLAY [devserver] ***************************************************************
2023-05-16 19:34:28,211 p=3858 u=ec2-user n=ansible | TASK [Gathering Facts] *********************************************************
2023-05-16 19:34:31,576 p=3858 u=ec2-user n=ansible | [WARNING]: Platform linux on host 52.207.220.57 is using the discovered Python
interpreter at /usr/bin/python, but future installation of another Python
interpreter could change the meaning of that path. See
https://docs.ansible.com/ansible-
core/2.11/reference_appendices/interpreter_discovery.html for more information.

2023-05-16 19:34:31,576 p=3858 u=ec2-user n=ansible | ok: [52.207.220.57]
2023-05-16 19:34:31,597 p=3858 u=ec2-user n=ansible | TASK [creating user] ***********************************************************
2023-05-16 19:34:32,456 p=3858 u=ec2-user n=ansible | changed: [52.207.220.57]
2023-05-16 19:34:32,478 p=3858 u=ec2-user n=ansible | PLAY RECAP *********************************************************************
2023-05-16 19:34:32,478 p=3858 u=ec2-user n=ansible | 52.207.220.57              : ok=2    changed=1    unreachable=0    failed=0    skipped=0    rescued=0    ignored=0   
2023-05-16 19:46:48,615 p=3963 u=ec2-user n=ansible | [WARNING]: Platform linux on host 35.171.203.196 is using the discovered Python
interpreter at /usr/bin/python, but future installation of another Python
interpreter could change the meaning of that path. See
https://docs.ansible.com/ansible-
core/2.11/reference_appendices/interpreter_discovery.html for more information.

2023-05-16 19:46:48,618 p=3963 u=ec2-user n=ansible | 35.171.203.196 | SUCCESS => {
    "ansible_facts": {
        "ansible_all_ipv4_addresses": [
            "172.31.5.124"
        ],
        "ansible_all_ipv6_addresses": [
            "fe80::26:59ff:fea7:c1c5"
        ],
        "ansible_apparmor": {
            "status": "disabled"
        },
        "ansible_architecture": "x86_64",
        "ansible_bios_date": "10/16/2017",
        "ansible_bios_vendor": "Amazon EC2",
        "ansible_bios_version": "1.0",
        "ansible_board_asset_tag": "i-0abbcc6978172db07",
        "ansible_board_name": "NA",
        "ansible_board_serial": "NA",
        "ansible_board_vendor": "Amazon EC2",
        "ansible_board_version": "NA",
        "ansible_chassis_asset_tag": "Amazon EC2",
        "ansible_chassis_serial": "NA",
        "ansible_chassis_vendor": "Amazon EC2",
        "ansible_chassis_version": "NA",
        "ansible_cmdline": {
            "BOOT_IMAGE": "/boot/vmlinuz-4.14.313-235.533.amzn2.x86_64",
            "biosdevname": "0",
            "console": "ttyS0,115200n8",
            "net.ifnames": "0",
            "nvme_core.io_timeout": "4294967295",
            "rd.emergency": "poweroff",
            "rd.shell": "0",
            "ro": true,
            "root": "UUID=30d6f3ce-a17d-4caf-ac89-e9f959c387e8"
        },
        "ansible_date_time": {
            "date": "2023-05-16",
            "day": "16",
            "epoch": "1684266408",
            "hour": "19",
            "iso8601": "2023-05-16T19:46:48Z",
            "iso8601_basic": "20230516T194648565598",
            "iso8601_basic_short": "20230516T194648",
            "iso8601_micro": "2023-05-16T19:46:48.565598Z",
            "minute": "46",
            "month": "05",
            "second": "48",
            "time": "19:46:48",
            "tz": "UTC",
            "tz_dst": "UTC",
            "tz_offset": "+0000",
            "weekday": "Tuesday",
            "weekday_number": "2",
            "weeknumber": "20",
            "year": "2023"
        },
        "ansible_default_ipv4": {
            "address": "172.31.5.124",
            "alias": "eth0",
            "broadcast": "172.31.15.255",
            "gateway": "172.31.0.1",
            "interface": "eth0",
            "macaddress": "02:26:59:a7:c1:c5",
            "mtu": 9001,
            "netmask": "255.255.240.0",
            "network": "172.31.0.0",
            "type": "ether"
        },
        "ansible_default_ipv6": {},
        "ansible_device_links": {
            "ids": {
                "nvme0n1": [
                    "nvme-Amazon_Elastic_Block_Store_vol00843409e9d403d4d",
                    "nvme-Amazon_Elastic_Block_Store_vol00843409e9d403d4d-ns-1",
                    "nvme-nvme.1d0f-766f6c3030383433343039653964343033643464-416d617a6f6e20456c617374696320426c6f636b2053746f7265-00000001"
                ],
                "nvme0n1p1": [
                    "nvme-Amazon_Elastic_Block_Store_vol00843409e9d403d4d-ns-1-part1",
                    "nvme-Amazon_Elastic_Block_Store_vol00843409e9d403d4d-part1",
                    "nvme-nvme.1d0f-766f6c3030383433343039653964343033643464-416d617a6f6e20456c617374696320426c6f636b2053746f7265-00000001-part1"
                ],
                "nvme0n1p128": [
                    "nvme-Amazon_Elastic_Block_Store_vol00843409e9d403d4d-ns-1-part128",
                    "nvme-Amazon_Elastic_Block_Store_vol00843409e9d403d4d-part128",
                    "nvme-nvme.1d0f-766f6c3030383433343039653964343033643464-416d617a6f6e20456c617374696320426c6f636b2053746f7265-00000001-part128"
                ]
            },
            "labels": {
                "nvme0n1p1": [
                    "\\x2f"
                ]
            },
            "masters": {},
            "uuids": {
                "nvme0n1p1": [
                    "30d6f3ce-a17d-4caf-ac89-e9f959c387e8"
                ]
            }
        },
        "ansible_devices": {
            "nvme0n1": {
                "holders": [],
                "host": "Non-Volatile memory controller: Amazon.com, Inc. Device 8061",
                "links": {
                    "ids": [
                        "nvme-Amazon_Elastic_Block_Store_vol00843409e9d403d4d",
                        "nvme-Amazon_Elastic_Block_Store_vol00843409e9d403d4d-ns-1",
                        "nvme-nvme.1d0f-766f6c3030383433343039653964343033643464-416d617a6f6e20456c617374696320426c6f636b2053746f7265-00000001"
                    ],
                    "labels": [],
                    "masters": [],
                    "uuids": []
                },
                "model": "Amazon Elastic Block Store",
                "partitions": {
                    "nvme0n1p1": {
                        "holders": [],
                        "links": {
                            "ids": [
                                "nvme-Amazon_Elastic_Block_Store_vol00843409e9d403d4d-ns-1-part1",
                                "nvme-Amazon_Elastic_Block_Store_vol00843409e9d403d4d-part1",
                                "nvme-nvme.1d0f-766f6c3030383433343039653964343033643464-416d617a6f6e20456c617374696320426c6f636b2053746f7265-00000001-part1"
                            ],
                            "labels": [
                                "\\x2f"
                            ],
                            "masters": [],
                            "uuids": [
                                "30d6f3ce-a17d-4caf-ac89-e9f959c387e8"
                            ]
                        },
                        "sectors": "16773087",
                        "sectorsize": 512,
                        "size": "8.00 GB",
                        "start": "4096",
                        "uuid": "30d6f3ce-a17d-4caf-ac89-e9f959c387e8"
                    },
                    "nvme0n1p128": {
                        "holders": [],
                        "links": {
                            "ids": [
                                "nvme-Amazon_Elastic_Block_Store_vol00843409e9d403d4d-ns-1-part128",
                                "nvme-Amazon_Elastic_Block_Store_vol00843409e9d403d4d-part128",
                                "nvme-nvme.1d0f-766f6c3030383433343039653964343033643464-416d617a6f6e20456c617374696320426c6f636b2053746f7265-00000001-part128"
                            ],
                            "labels": [],
                            "masters": [],
                            "uuids": []
                        },
                        "sectors": "2048",
                        "sectorsize": 512,
                        "size": "1.00 MB",
                        "start": "2048",
                        "uuid": null
                    }
                },
                "removable": "0",
                "rotational": "0",
                "sas_address": null,
                "sas_device_handle": null,
                "scheduler_mode": "none",
                "sectors": "16777216",
                "sectorsize": "512",
                "serial": "vol00843409e9d403d4d",
                "size": "8.00 GB",
                "support_discard": "0",
                "vendor": null,
                "virtual": 1
            }
        },
        "ansible_distribution": "Amazon",
        "ansible_distribution_file_parsed": true,
        "ansible_distribution_file_path": "/etc/os-release",
        "ansible_distribution_file_variety": "Amazon",
        "ansible_distribution_major_version": "2",
        "ansible_distribution_minor_version": "NA",
        "ansible_distribution_release": "NA",
        "ansible_distribution_version": "2",
        "ansible_dns": {
            "nameservers": [
                "172.31.0.2"
            ],
            "options": {
                "attempts": "5",
                "timeout": "2"
            },
            "search": [
                "ec2.internal"
            ]
        },
        "ansible_domain": "ec2.internal",
        "ansible_effective_group_id": 1000,
        "ansible_effective_user_id": 1000,
        "ansible_env": {
            "HOME": "/home/ec2-user",
            "LANG": "en_US.UTF-8",
            "LESSOPEN": "||/usr/bin/lesspipe.sh %s",
            "LOGNAME": "ec2-user",
            "LS_COLORS": "rs=0:di=38;5;27:ln=38;5;51:mh=44;38;5;15:pi=40;38;5;11:so=38;5;13:do=38;5;5:bd=48;5;232;38;5;11:cd=48;5;232;38;5;3:or=48;5;232;38;5;9:mi=05;48;5;232;38;5;15:su=48;5;196;38;5;15:sg=48;5;11;38;5;16:ca=48;5;196;38;5;226:tw=48;5;10;38;5;16:ow=48;5;10;38;5;21:st=48;5;21;38;5;15:ex=38;5;34:*.tar=38;5;9:*.tgz=38;5;9:*.arc=38;5;9:*.arj=38;5;9:*.taz=38;5;9:*.lha=38;5;9:*.lz4=38;5;9:*.lzh=38;5;9:*.lzma=38;5;9:*.tlz=38;5;9:*.txz=38;5;9:*.tzo=38;5;9:*.t7z=38;5;9:*.zip=38;5;9:*.z=38;5;9:*.Z=38;5;9:*.dz=38;5;9:*.gz=38;5;9:*.lrz=38;5;9:*.lz=38;5;9:*.lzo=38;5;9:*.xz=38;5;9:*.bz2=38;5;9:*.bz=38;5;9:*.tbz=38;5;9:*.tbz2=38;5;9:*.tz=38;5;9:*.deb=38;5;9:*.rpm=38;5;9:*.jar=38;5;9:*.war=38;5;9:*.ear=38;5;9:*.sar=38;5;9:*.rar=38;5;9:*.alz=38;5;9:*.ace=38;5;9:*.zoo=38;5;9:*.cpio=38;5;9:*.7z=38;5;9:*.rz=38;5;9:*.cab=38;5;9:*.jpg=38;5;13:*.jpeg=38;5;13:*.gif=38;5;13:*.bmp=38;5;13:*.pbm=38;5;13:*.pgm=38;5;13:*.ppm=38;5;13:*.tga=38;5;13:*.xbm=38;5;13:*.xpm=38;5;13:*.tif=38;5;13:*.tiff=38;5;13:*.png=38;5;13:*.svg=38;5;13:*.svgz=38;5;13:*.mng=38;5;13:*.pcx=38;5;13:*.mov=38;5;13:*.mpg=38;5;13:*.mpeg=38;5;13:*.m2v=38;5;13:*.mkv=38;5;13:*.webm=38;5;13:*.ogm=38;5;13:*.mp4=38;5;13:*.m4v=38;5;13:*.mp4v=38;5;13:*.vob=38;5;13:*.qt=38;5;13:*.nuv=38;5;13:*.wmv=38;5;13:*.asf=38;5;13:*.rm=38;5;13:*.rmvb=38;5;13:*.flc=38;5;13:*.avi=38;5;13:*.fli=38;5;13:*.flv=38;5;13:*.gl=38;5;13:*.dl=38;5;13:*.xcf=38;5;13:*.xwd=38;5;13:*.yuv=38;5;13:*.cgm=38;5;13:*.emf=38;5;13:*.axv=38;5;13:*.anx=38;5;13:*.ogv=38;5;13:*.ogx=38;5;13:*.aac=38;5;45:*.au=38;5;45:*.flac=38;5;45:*.mid=38;5;45:*.midi=38;5;45:*.mka=38;5;45:*.mp3=38;5;45:*.mpc=38;5;45:*.ogg=38;5;45:*.ra=38;5;45:*.wav=38;5;45:*.axa=38;5;45:*.oga=38;5;45:*.spx=38;5;45:*.xspf=38;5;45:",
            "MAIL": "/var/mail/ec2-user",
            "PATH": "/usr/local/bin:/usr/bin",
            "PWD": "/home/ec2-user",
            "SHELL": "/bin/bash",
            "SHLVL": "2",
            "SSH_CLIENT": "44.203.152.123 41070 22",
            "SSH_CONNECTION": "44.203.152.123 41070 172.31.5.124 22",
            "SSH_TTY": "/dev/pts/1",
            "TERM": "xterm-256color",
            "USER": "ec2-user",
            "XDG_RUNTIME_DIR": "/run/user/1000",
            "XDG_SESSION_ID": "133",
            "_": "/usr/bin/python"
        },
        "ansible_eth0": {
            "active": true,
            "device": "eth0",
            "features": {
                "esp_hw_offload": "off [fixed]",
                "esp_tx_csum_hw_offload": "off [fixed]",
                "fcoe_mtu": "off [fixed]",
                "generic_receive_offload": "on",
                "generic_segmentation_offload": "on",
                "highdma": "on",
                "hw_tc_offload": "off [fixed]",
                "l2_fwd_offload": "off [fixed]",
                "large_receive_offload": "off [fixed]",
                "loopback": "off [fixed]",
                "netns_local": "off [fixed]",
                "ntuple_filters": "off [fixed]",
                "receive_hashing": "on",
                "rx_all": "off [fixed]",
                "rx_checksumming": "off [fixed]",
                "rx_fcs": "off [fixed]",
                "rx_udp_tunnel_port_offload": "off [fixed]",
                "rx_vlan_filter": "off [fixed]",
                "rx_vlan_offload": "off [fixed]",
                "rx_vlan_stag_filter": "off [fixed]",
                "rx_vlan_stag_hw_parse": "off [fixed]",
                "scatter_gather": "on",
                "tcp_segmentation_offload": "off",
                "tx_checksum_fcoe_crc": "off [fixed]",
                "tx_checksum_ip_generic": "off [fixed]",
                "tx_checksum_ipv4": "on",
                "tx_checksum_ipv6": "off [fixed]",
                "tx_checksum_sctp": "off [fixed]",
                "tx_checksumming": "on",
                "tx_esp_segmentation": "off [fixed]",
                "tx_fcoe_segmentation": "off [fixed]",
                "tx_gre_csum_segmentation": "off [fixed]",
                "tx_gre_segmentation": "off [fixed]",
                "tx_gso_partial": "off [fixed]",
                "tx_gso_robust": "off [fixed]",
                "tx_ipxip4_segmentation": "off [fixed]",
                "tx_ipxip6_segmentation": "off [fixed]",
                "tx_lockless": "off [fixed]",
                "tx_nocache_copy": "off",
                "tx_scatter_gather": "on",
                "tx_scatter_gather_fraglist": "off [fixed]",
                "tx_sctp_segmentation": "off [fixed]",
                "tx_tcp6_segmentation": "off [fixed]",
                "tx_tcp_ecn_segmentation": "off [fixed]",
                "tx_tcp_mangleid_segmentation": "off [fixed]",
                "tx_tcp_segmentation": "off [fixed]",
                "tx_udp_tnl_csum_segmentation": "off [fixed]",
                "tx_udp_tnl_segmentation": "off [fixed]",
                "tx_vlan_offload": "off [fixed]",
                "tx_vlan_stag_hw_insert": "off [fixed]",
                "udp_fragmentation_offload": "off",
                "vlan_challenged": "off [fixed]"
            },
            "hw_timestamp_filters": [],
            "ipv4": {
                "address": "172.31.5.124",
                "broadcast": "172.31.15.255",
                "netmask": "255.255.240.0",
                "network": "172.31.0.0"
            },
            "ipv6": [
                {
                    "address": "fe80::26:59ff:fea7:c1c5",
                    "prefix": "64",
                    "scope": "link"
                }
            ],
            "macaddress": "02:26:59:a7:c1:c5",
            "module": "ena",
            "mtu": 9001,
            "pciid": "0000:00:05.0",
            "promisc": false,
            "timestamping": [
                "tx_software",
                "rx_software",
                "software"
            ],
            "type": "ether"
        },
        "ansible_fibre_channel_wwn": [],
        "ansible_fips": false,
        "ansible_form_factor": "Other",
        "ansible_fqdn": "ip-172-31-5-124.ec2.internal",
        "ansible_hostname": "ip-172-31-5-124",
        "ansible_hostnqn": "",
        "ansible_interfaces": [
            "lo",
            "eth0"
        ],
        "ansible_is_chroot": true,
        "ansible_iscsi_iqn": "",
        "ansible_kernel": "4.14.313-235.533.amzn2.x86_64",
        "ansible_kernel_version": "#1 SMP Tue Apr 25 15:24:19 UTC 2023",
        "ansible_lo": {
            "active": true,
            "device": "lo",
            "features": {
                "esp_hw_offload": "off [fixed]",
                "esp_tx_csum_hw_offload": "off [fixed]",
                "fcoe_mtu": "off [fixed]",
                "generic_receive_offload": "on",
                "generic_segmentation_offload": "on",
                "highdma": "on [fixed]",
                "hw_tc_offload": "off [fixed]",
                "l2_fwd_offload": "off [fixed]",
                "large_receive_offload": "off [fixed]",
                "loopback": "on [fixed]",
                "netns_local": "on [fixed]",
                "ntuple_filters": "off [fixed]",
                "receive_hashing": "off [fixed]",
                "rx_all": "off [fixed]",
                "rx_checksumming": "on [fixed]",
                "rx_fcs": "off [fixed]",
                "rx_udp_tunnel_port_offload": "off [fixed]",
                "rx_vlan_filter": "off [fixed]",
                "rx_vlan_offload": "off [fixed]",
                "rx_vlan_stag_filter": "off [fixed]",
                "rx_vlan_stag_hw_parse": "off [fixed]",
                "scatter_gather": "on",
                "tcp_segmentation_offload": "on",
                "tx_checksum_fcoe_crc": "off [fixed]",
                "tx_checksum_ip_generic": "on [fixed]",
                "tx_checksum_ipv4": "off [fixed]",
                "tx_checksum_ipv6": "off [fixed]",
                "tx_checksum_sctp": "on [fixed]",
                "tx_checksumming": "on",
                "tx_esp_segmentation": "off [fixed]",
                "tx_fcoe_segmentation": "off [fixed]",
                "tx_gre_csum_segmentation": "off [fixed]",
                "tx_gre_segmentation": "off [fixed]",
                "tx_gso_partial": "off [fixed]",
                "tx_gso_robust": "off [fixed]",
                "tx_ipxip4_segmentation": "off [fixed]",
                "tx_ipxip6_segmentation": "off [fixed]",
                "tx_lockless": "on [fixed]",
                "tx_nocache_copy": "off [fixed]",
                "tx_scatter_gather": "on [fixed]",
                "tx_scatter_gather_fraglist": "on [fixed]",
                "tx_sctp_segmentation": "on",
                "tx_tcp6_segmentation": "on",
                "tx_tcp_ecn_segmentation": "on",
                "tx_tcp_mangleid_segmentation": "on",
                "tx_tcp_segmentation": "on",
                "tx_udp_tnl_csum_segmentation": "off [fixed]",
                "tx_udp_tnl_segmentation": "off [fixed]",
                "tx_vlan_offload": "off [fixed]",
                "tx_vlan_stag_hw_insert": "off [fixed]",
                "udp_fragmentation_offload": "off",
                "vlan_challenged": "on [fixed]"
            },
            "hw_timestamp_filters": [],
            "ipv4": {
                "address": "127.0.0.1",
                "broadcast": "",
                "netmask": "255.0.0.0",
                "network": "127.0.0.0"
            },
            "ipv6": [
                {
                    "address": "::1",
                    "prefix": "128",
                    "scope": "host"
                }
            ],
            "mtu": 65536,
            "promisc": false,
            "timestamping": [
                "tx_software",
                "rx_software",
                "software"
            ],
            "type": "loopback"
        },
        "ansible_local": {},
        "ansible_lsb": {},
        "ansible_machine": "x86_64",
        "ansible_machine_id": "ec2def4bbebb54b1216e07187e91ea7a",
        "ansible_memfree_mb": 1278,
        "ansible_memory_mb": {
            "nocache": {
                "free": 1792,
                "used": 150
            },
            "real": {
                "free": 1278,
                "total": 1942,
                "used": 664
            },
            "swap": {
                "cached": 0,
                "free": 0,
                "total": 0,
                "used": 0
            }
        },
        "ansible_memtotal_mb": 1942,
        "ansible_mounts": [
            {
                "block_available": 1695992,
                "block_size": 4096,
                "block_total": 2094075,
                "block_used": 398083,
                "device": "/dev/nvme0n1p1",
                "fstype": "xfs",
                "inode_available": 4145101,
                "inode_total": 4193216,
                "inode_used": 48115,
                "mount": "/",
                "options": "rw,noatime,attr2,inode64,noquota",
                "size_available": 6946783232,
                "size_total": 8577331200,
                "uuid": "30d6f3ce-a17d-4caf-ac89-e9f959c387e8"
            }
        ],
        "ansible_nodename": "ip-172-31-5-124.ec2.internal",
        "ansible_os_family": "RedHat",
        "ansible_pkg_mgr": "yum",
        "ansible_proc_cmdline": {
            "BOOT_IMAGE": "/boot/vmlinuz-4.14.313-235.533.amzn2.x86_64",
            "biosdevname": "0",
            "console": [
                "tty0",
                "ttyS0,115200n8"
            ],
            "net.ifnames": "0",
            "nvme_core.io_timeout": "4294967295",
            "rd.emergency": "poweroff",
            "rd.shell": "0",
            "ro": true,
            "root": "UUID=30d6f3ce-a17d-4caf-ac89-e9f959c387e8"
        },
        "ansible_processor": [
            "0",
            "GenuineIntel",
            "Intel(R) Xeon(R) Platinum 8259CL CPU @ 2.50GHz",
            "1",
            "GenuineIntel",
            "Intel(R) Xeon(R) Platinum 8259CL CPU @ 2.50GHz"
        ],
        "ansible_processor_cores": 1,
        "ansible_processor_count": 1,
        "ansible_processor_nproc": 2,
        "ansible_processor_threads_per_core": 2,
        "ansible_processor_vcpus": 2,
        "ansible_product_name": "t3.small",
        "ansible_product_serial": "NA",
        "ansible_product_uuid": "NA",
        "ansible_product_version": "NA",
        "ansible_python": {
            "executable": "/usr/bin/python",
            "has_sslcontext": true,
            "type": "CPython",
            "version": {
                "major": 2,
                "micro": 18,
                "minor": 7,
                "releaselevel": "final",
                "serial": 0
            },
            "version_info": [
                2,
                7,
                18,
                "final",
                0
            ]
        },
        "ansible_python_version": "2.7.18",
        "ansible_real_group_id": 1000,
        "ansible_real_user_id": 1000,
        "ansible_selinux": {
            "status": "disabled"
        },
        "ansible_selinux_python_present": true,
        "ansible_service_mgr": "systemd",
        "ansible_ssh_host_key_ecdsa_public": "AAAAE2VjZHNhLXNoYTItbmlzdHAyNTYAAAAIbmlzdHAyNTYAAABBBFIZYITDHIl/eGK6WcICgEyAnaLSv6WDnryKV7uX97jHvglXyfKKM6y2SYjuMnS8mMjVrNtKPPJGhOS2iy/3qd0=",
        "ansible_ssh_host_key_ecdsa_public_keytype": "ecdsa-sha2-nistp256",
        "ansible_ssh_host_key_ed25519_public": "AAAAC3NzaC1lZDI1NTE5AAAAIGm7/8c4w2Cnzhq/ulDObqSDa4AGKzY9QfL9DbOVcLI3",
        "ansible_ssh_host_key_ed25519_public_keytype": "ssh-ed25519",
        "ansible_ssh_host_key_rsa_public": "AAAAB3NzaC1yc2EAAAADAQABAAABAQDJrURBy/7IvVrRYj4aqse1ibM1gU1sbyN5igvXnjkr9JmPuB33ZF0rJMbQbptM1c41uvKP2UUCwEwDT/t+d3I35MRsvLL8qC+7f77WbWreJAfeI3yNlNGy3CYtZzQTcfMmIxi68K1NZlkGsMOYADaTOH0bOLB2iQa8P18mFV3aiwU3NRKJ8o2v/GhVmo9eeRkOP3sYNXNv4he6jdqphUojTzjvPeEeYGVW/e2QR3xj2eDpyQNincLjm5egwKd94U4JIKhs+Usta1GLPnkD6/2ETE0Y0tcFXIVLbOJam14zo8ij7S5xC4GeONr55F67xzsVamwkIiHnjDPqwAqQTFB/",
        "ansible_ssh_host_key_rsa_public_keytype": "ssh-rsa",
        "ansible_swapfree_mb": 0,
        "ansible_swaptotal_mb": 0,
        "ansible_system": "Linux",
        "ansible_system_capabilities": [
            ""
        ],
        "ansible_system_capabilities_enforced": "True",
        "ansible_system_vendor": "Amazon EC2",
        "ansible_uptime_seconds": 61256,
        "ansible_user_dir": "/home/ec2-user",
        "ansible_user_gecos": "EC2 Default User",
        "ansible_user_gid": 1000,
        "ansible_user_id": "ec2-user",
        "ansible_user_shell": "/bin/bash",
        "ansible_user_uid": 1000,
        "ansible_userspace_architecture": "x86_64",
        "ansible_userspace_bits": "64",
        "ansible_virtualization_role": "guest",
        "ansible_virtualization_tech_guest": [
            "kvm"
        ],
        "ansible_virtualization_tech_host": [],
        "ansible_virtualization_type": "kvm",
        "discovered_interpreter_python": "/usr/bin/python",
        "gather_subset": [
            "all"
        ],
        "module_setup": true
    },
    "changed": false
}
2023-05-16 20:02:45,369 p=4032 u=ec2-user n=ansible | PLAY [devserver] ***************************************************************
2023-05-16 20:02:45,382 p=4032 u=ec2-user n=ansible | TASK [Gathering Facts] *********************************************************
2023-05-16 20:02:47,747 p=4032 u=ec2-user n=ansible | [WARNING]: Platform linux on host 52.207.220.57 is using the discovered Python
interpreter at /usr/bin/python, but future installation of another Python
interpreter could change the meaning of that path. See
https://docs.ansible.com/ansible-
core/2.11/reference_appendices/interpreter_discovery.html for more information.

2023-05-16 20:02:47,747 p=4032 u=ec2-user n=ansible | ok: [52.207.220.57]
2023-05-16 20:02:47,770 p=4032 u=ec2-user n=ansible | TASK [creating user] ***********************************************************
2023-05-16 20:02:48,331 p=4032 u=ec2-user n=ansible | ok: [52.207.220.57]
2023-05-16 20:02:48,352 p=4032 u=ec2-user n=ansible | PLAY RECAP *********************************************************************
2023-05-16 20:02:48,352 p=4032 u=ec2-user n=ansible | 52.207.220.57              : ok=2    changed=0    unreachable=0    failed=0    skipped=0    rescued=0    ignored=0   
2023-05-16 20:04:42,469 p=4066 u=ec2-user n=ansible | PLAY [devserver] ***************************************************************
2023-05-16 20:04:42,483 p=4066 u=ec2-user n=ansible | TASK [Gathering Facts] *********************************************************
2023-05-16 20:04:44,835 p=4066 u=ec2-user n=ansible | [WARNING]: Platform linux on host 52.207.220.57 is using the discovered Python
interpreter at /usr/bin/python, but future installation of another Python
interpreter could change the meaning of that path. See
https://docs.ansible.com/ansible-
core/2.11/reference_appendices/interpreter_discovery.html for more information.

2023-05-16 20:04:44,836 p=4066 u=ec2-user n=ansible | ok: [52.207.220.57]
2023-05-16 20:04:44,860 p=4066 u=ec2-user n=ansible | TASK [creating user] ***********************************************************
2023-05-16 20:04:44,872 p=4066 u=ec2-user n=ansible | skipping: [52.207.220.57]
2023-05-16 20:04:44,894 p=4066 u=ec2-user n=ansible | PLAY RECAP *********************************************************************
2023-05-16 20:04:44,895 p=4066 u=ec2-user n=ansible | 52.207.220.57              : ok=1    changed=0    unreachable=0    failed=0    skipped=1    rescued=0    ignored=0   
2023-05-16 20:30:45,658 p=4243 u=ec2-user n=ansible | ERROR! We were unable to read either as JSON nor YAML, these are the errors we got from each:
JSON: Expecting value: line 1 column 1 (char 0)

Syntax Error while loading YAML.
  did not find expected key

The error appears to be in '/home/ec2-user/playa.yml': line 18, column 4, but may
be elsewhere in the file depending on the exact syntax problem.

The offending line appears to be:

  - name: creat directory
   file:
   ^ here

2023-05-16 20:32:06,375 p=4250 u=ec2-user n=ansible | [WARNING]: While constructing a mapping from /home/ec2-user/playa.yml, line 22,
column 5, found a duplicate dict key (name). Using last defined value only.

2023-05-16 20:32:06,432 p=4250 u=ec2-user n=ansible | ERROR! conflicting action statements: yum, package

The error appears to be in '/home/ec2-user/playa.yml': line 22, column 5, but may
be elsewhere in the file depending on the exact syntax problem.

The offending line appears to be:

     mode: '0777'
  - name: install apache
    ^ here

2023-05-16 20:38:08,494 p=4267 u=ec2-user n=ansible | ERROR! We were unable to read either as JSON nor YAML, these are the errors we got from each:
JSON: Expecting value: line 1 column 1 (char 0)

Syntax Error while loading YAML.
  did not find expected '-' indicator

The error appears to be in '/home/ec2-user/playa.yml': line 13, column 2, but may
be elsewhere in the file depending on the exact syntax problem.

The offending line appears to be:


 tasks:
 ^ here

2023-05-16 20:40:04,294 p=4281 u=ec2-user n=ansible | ERROR! We were unable to read either as JSON nor YAML, these are the errors we got from each:
JSON: Expecting value: line 1 column 1 (char 0)

Syntax Error while loading YAML.
  did not find expected alphabetic or numeric character

The error appears to be in '/home/ec2-user/playa.yml': line 39, column 3, but may
be elsewhere in the file depending on the exact syntax problem.

The offending line appears to be:

       state: present
 ****play.yml
  ^ here

2023-05-16 20:42:14,011 p=4289 u=ec2-user n=ansible | ERROR! We were unable to read either as JSON nor YAML, these are the errors we got from each:
JSON: Expecting value: line 1 column 1 (char 0)

Syntax Error while loading YAML.
  mapping values are not allowed in this context

The error appears to be in '/home/ec2-user/playa.yml': line 38, column 14, but may
be elsewhere in the file depending on the exact syntax problem.

The offending line appears to be:

       name: finger
        state: present
             ^ here

2023-05-16 20:43:16,782 p=4295 u=ec2-user n=ansible | ERROR! We were unable to read either as JSON nor YAML, these are the errors we got from each:
JSON: Expecting value: line 1 column 1 (char 0)

Syntax Error while loading YAML.
  mapping values are not allowed in this context

The error appears to be in '/home/ec2-user/playa.yml': line 38, column 14, but may
be elsewhere in the file depending on the exact syntax problem.

The offending line appears to be:

       name:  finger
        state:  present
             ^ here

2023-05-16 20:45:19,710 p=4304 u=ec2-user n=ansible | ERROR! We were unable to read either as JSON nor YAML, these are the errors we got from each:
JSON: Expecting value: line 1 column 1 (char 0)

Syntax Error while loading YAML.
  mapping values are not allowed in this context

The error appears to be in '/home/ec2-user/playa.yml': line 38, column 14, but may
be elsewhere in the file depending on the exact syntax problem.

The offending line appears to be:

       name:  finger
        state:  present
             ^ here

2023-05-16 20:46:41,524 p=4310 u=ec2-user n=ansible | ERROR! We were unable to read either as JSON nor YAML, these are the errors we got from each:
JSON: Expecting value: line 1 column 1 (char 0)

Syntax Error while loading YAML.
  did not find expected alphabetic or numeric character

The error appears to be in '/home/ec2-user/playa.yml': line 39, column 3, but may
be elsewhere in the file depending on the exact syntax problem.

The offending line appears to be:

       state:  present
 ****play.yml
  ^ here

2023-05-16 20:47:26,612 p=4316 u=ec2-user n=ansible | ERROR! We were unable to read either as JSON nor YAML, these are the errors we got from each:
JSON: Expecting value: line 1 column 1 (char 0)

Syntax Error while loading YAML.
  did not find expected alphabetic or numeric character

The error appears to be in '/home/ec2-user/playa.yml': line 39, column 3, but may
be elsewhere in the file depending on the exact syntax problem.

The offending line appears to be:

       state: present
 ****play.yml
  ^ here

2023-05-16 20:48:58,262 p=4322 u=ec2-user n=ansible | ERROR! We were unable to read either as JSON nor YAML, these are the errors we got from each:
JSON: Expecting value: line 1 column 1 (char 0)

Syntax Error while loading YAML.
  did not find expected alphabetic or numeric character

The error appears to be in '/home/ec2-user/playa.yml': line 39, column 3, but may
be elsewhere in the file depending on the exact syntax problem.

The offending line appears to be:

       state: present
 ****play.yml
  ^ here

2023-05-16 20:50:31,671 p=4337 u=ec2-user n=ansible | ERROR! We were unable to read either as JSON nor YAML, these are the errors we got from each:
JSON: Expecting value: line 1 column 1 (char 0)

Syntax Error while loading YAML.
  did not find expected key

The error appears to be in '/home/ec2-user/playa.yml': line 33, column 8, but may
be elsewhere in the file depending on the exact syntax problem.

The offending line appears to be:

        name: httpd
       state: present
       ^ here

2023-05-16 20:51:59,979 p=4343 u=ec2-user n=ansible | ERROR! We were unable to read either as JSON nor YAML, these are the errors we got from each:
JSON: Expecting value: line 1 column 1 (char 0)

Syntax Error while loading YAML.
  did not find expected alphabetic or numeric character

The error appears to be in '/home/ec2-user/playa.yml': line 39, column 3, but may
be elsewhere in the file depending on the exact syntax problem.

The offending line appears to be:

      state: present
 ****play.yml
  ^ here

2023-05-16 20:53:37,383 p=4350 u=ec2-user n=ansible | ERROR! We were unable to read either as JSON nor YAML, these are the errors we got from each:
JSON: Expecting value: line 1 column 1 (char 0)

Syntax Error while loading YAML.
  did not find expected key

The error appears to be in '/home/ec2-user/playa.yml': line 28, column 8, but may
be elsewhere in the file depending on the exact syntax problem.

The offending line appears to be:

        path: /tmp/dir
       state: directory
       ^ here

2023-05-16 20:55:43,399 p=4409 u=ec2-user n=ansible | ERROR! We were unable to read either as JSON nor YAML, these are the errors we got from each:
JSON: Expecting value: line 1 column 1 (char 0)

Syntax Error while loading YAML.
  did not find expected key

The error appears to be in '/home/ec2-user/playa.yml': line 28, column 8, but may
be elsewhere in the file depending on the exact syntax problem.

The offending line appears to be:

        path: /tmp/dir
       state: directory
       ^ here

2023-05-16 20:57:49,592 p=4416 u=ec2-user n=ansible | ERROR! We were unable to read either as JSON nor YAML, these are the errors we got from each:
JSON: Expecting value: line 1 column 1 (char 0)

Syntax Error while loading YAML.
  did not find expected '-' indicator

The error appears to be in '/home/ec2-user/playa.yml': line 13, column 2, but may
be elsewhere in the file depending on the exact syntax problem.

The offending line appears to be:


 tasks:
 ^ here

2023-05-16 20:58:39,447 p=4422 u=ec2-user n=ansible | ERROR! We were unable to read either as JSON nor YAML, these are the errors we got from each:
JSON: Expecting value: line 1 column 1 (char 0)

Syntax Error while loading YAML.
  did not find expected alphabetic or numeric character

The error appears to be in '/home/ec2-user/playa.yml': line 39, column 3, but may
be elsewhere in the file depending on the exact syntax problem.

The offending line appears to be:

       state: present
 ****play.yml
  ^ here

2023-05-16 20:59:34,238 p=4428 u=ec2-user n=ansible | ERROR! We were unable to read either as JSON nor YAML, these are the errors we got from each:
JSON: Expecting value: line 1 column 1 (char 0)

Syntax Error while loading YAML.
  did not find expected key

The error appears to be in '/home/ec2-user/playa.yml': line 33, column 8, but may
be elsewhere in the file depending on the exact syntax problem.

The offending line appears to be:

        name: httpd
       state: present
       ^ here

2023-05-16 21:01:19,814 p=4456 u=ec2-user n=ansible | ERROR! We were unable to read either as JSON nor YAML, these are the errors we got from each:
JSON: Expecting value: line 1 column 1 (char 0)

Syntax Error while loading YAML.
  mapping values are not allowed in this context

The error appears to be in '/home/ec2-user/playa.yml': line 24, column 13, but may
be elsewhere in the file depending on the exact syntax problem.

The offending line appears to be:

      state: touch
        mode: '0600'
            ^ here

2023-05-16 21:02:29,629 p=4462 u=ec2-user n=ansible | ERROR! We were unable to read either as JSON nor YAML, these are the errors we got from each:
JSON: Expecting value: line 1 column 1 (char 0)

Syntax Error while loading YAML.
  did not find expected '-' indicator

The error appears to be in '/home/ec2-user/playa.yml': line 28, column 6, but may
be elsewhere in the file depending on the exact syntax problem.

The offending line appears to be:

       path: /tmp/dir
     state: directory
     ^ here

2023-05-16 21:03:14,572 p=4470 u=ec2-user n=ansible | ERROR! We were unable to read either as JSON nor YAML, these are the errors we got from each:
JSON: Expecting value: line 1 column 1 (char 0)

Syntax Error while loading YAML.
  did not find expected '-' indicator

The error appears to be in '/home/ec2-user/playa.yml': line 27, column 6, but may
be elsewhere in the file depending on the exact syntax problem.

The offending line appears to be:

      file:
     path: /tmp/dir
     ^ here

2023-05-16 21:04:10,574 p=4476 u=ec2-user n=ansible | ERROR! We were unable to read either as JSON nor YAML, these are the errors we got from each:
JSON: Expecting value: line 1 column 1 (char 0)

Syntax Error while loading YAML.
  did not find expected '-' indicator

The error appears to be in '/home/ec2-user/playa.yml': line 26, column 6, but may
be elsewhere in the file depending on the exact syntax problem.

The offending line appears to be:

    - name: Create directory
     file:
     ^ here

2023-05-16 21:05:51,996 p=4483 u=ec2-user n=ansible | ERROR! We were unable to read either as JSON nor YAML, these are the errors we got from each:
JSON: Expecting value: line 1 column 1 (char 0)

Syntax Error while loading YAML.
  did not find expected '-' indicator

The error appears to be in '/home/ec2-user/playa.yml': line 28, column 6, but may
be elsewhere in the file depending on the exact syntax problem.

The offending line appears to be:

      path: /tmp/dir
     state: directory
     ^ here

2023-05-16 22:19:42,043 p=4745 u=ec2-user n=ansible | ERROR! We were unable to read either as JSON nor YAML, these are the errors we got from each:
JSON: Expecting value: line 1 column 1 (char 0)

Syntax Error while loading YAML.
  did not find expected '-' indicator

The error appears to be in '/home/ec2-user/playb.yml': line 13, column 2, but may
be elsewhere in the file depending on the exact syntax problem.

The offending line appears to be:


 tasks:
 ^ here

2023-05-16 22:20:38,910 p=4810 u=ec2-user n=ansible | ERROR! We were unable to read either as JSON nor YAML, these are the errors we got from each:
JSON: Expecting value: line 1 column 1 (char 0)

Syntax Error while loading YAML.
  did not find expected alphabetic or numeric character

The error appears to be in '/home/ec2-user/playb.yml': line 39, column 3, but may
be elsewhere in the file depending on the exact syntax problem.

The offending line appears to be:

       state: present
 ****play.yml
  ^ here

2023-05-16 22:21:39,791 p=4816 u=ec2-user n=ansible | ERROR! We were unable to read either as JSON nor YAML, these are the errors we got from each:
JSON: Expecting value: line 1 column 1 (char 0)

Syntax Error while loading YAML.
  did not find expected key

The error appears to be in '/home/ec2-user/playb.yml': line 33, column 8, but may
be elsewhere in the file depending on the exact syntax problem.

The offending line appears to be:

        name: httpd
       state: present
       ^ here

2023-05-16 22:23:56,362 p=4825 u=ec2-user n=ansible | ERROR! We were unable to read either as JSON nor YAML, these are the errors we got from each:
JSON: Expecting value: line 1 column 1 (char 0)

Syntax Error while loading YAML.
  mapping values are not allowed in this context

The error appears to be in '/home/ec2-user/playb.yml': line 38, column 14, but may
be elsewhere in the file depending on the exact syntax problem.

The offending line appears to be:

       name: finger
        state: present
             ^ here

2023-05-16 22:24:51,737 p=4830 u=ec2-user n=ansible | ERROR! We were unable to read either as JSON nor YAML, these are the errors we got from each:
JSON: Expecting value: line 1 column 1 (char 0)

Syntax Error while loading YAML.
  did not find expected alphabetic or numeric character

The error appears to be in '/home/ec2-user/playb.yml': line 39, column 3, but may
be elsewhere in the file depending on the exact syntax problem.

The offending line appears to be:

        state: present
 ****play.yml
  ^ here

2023-05-16 22:25:41,514 p=4836 u=ec2-user n=ansible | ERROR! We were unable to read either as JSON nor YAML, these are the errors we got from each:
JSON: Expecting value: line 1 column 1 (char 0)

Syntax Error while loading YAML.
  did not find expected key

The error appears to be in '/home/ec2-user/playb.yml': line 33, column 8, but may
be elsewhere in the file depending on the exact syntax problem.

The offending line appears to be:

        name:  httpd
       state: present
       ^ here

2023-05-16 22:26:41,811 p=4842 u=ec2-user n=ansible | ERROR! We were unable to read either as JSON nor YAML, these are the errors we got from each:
JSON: Expecting value: line 1 column 1 (char 0)

Syntax Error while loading YAML.
  mapping values are not allowed in this context

The error appears to be in '/home/ec2-user/playb.yml': line 33, column 14, but may
be elsewhere in the file depending on the exact syntax problem.

The offending line appears to be:

       name:  httpd
        state: present
             ^ here

2023-05-16 22:27:28,821 p=4848 u=ec2-user n=ansible | ERROR! We were unable to read either as JSON nor YAML, these are the errors we got from each:
JSON: Expecting value: line 1 column 1 (char 0)

Syntax Error while loading YAML.
  did not find expected key

The error appears to be in '/home/ec2-user/playb.yml': line 38, column 8, but may
be elsewhere in the file depending on the exact syntax problem.

The offending line appears to be:

        name: finger
       state: present
       ^ here

2023-05-16 22:28:11,282 p=4855 u=ec2-user n=ansible | ERROR! We were unable to read either as JSON nor YAML, these are the errors we got from each:
JSON: Expecting value: line 1 column 1 (char 0)

Syntax Error while loading YAML.
  did not find expected alphabetic or numeric character

The error appears to be in '/home/ec2-user/playb.yml': line 39, column 3, but may
be elsewhere in the file depending on the exact syntax problem.

The offending line appears to be:

        state: present
 ****play.yml
  ^ here

2023-05-16 22:29:00,978 p=4861 u=ec2-user n=ansible | ERROR! We were unable to read either as JSON nor YAML, these are the errors we got from each:
JSON: Expecting value: line 1 column 1 (char 0)

Syntax Error while loading YAML.
  mapping values are not allowed in this context

The error appears to be in '/home/ec2-user/playb.yml': line 33, column 15, but may
be elsewhere in the file depending on the exact syntax problem.

The offending line appears to be:

        name:  httpd
         state: present
              ^ here

2023-05-16 22:30:05,904 p=4875 u=ec2-user n=ansible | ERROR! We were unable to read either as JSON nor YAML, these are the errors we got from each:
JSON: Expecting value: line 1 column 1 (char 0)

Syntax Error while loading YAML.
  did not find expected alphabetic or numeric character

The error appears to be in '/home/ec2-user/playb.yml': line 39, column 3, but may
be elsewhere in the file depending on the exact syntax problem.

The offending line appears to be:

       state: present
 ****play.yml
  ^ here

2023-05-16 22:31:12,293 p=4881 u=ec2-user n=ansible | ERROR! We were unable to read either as JSON nor YAML, these are the errors we got from each:
JSON: Expecting value: line 1 column 1 (char 0)

Syntax Error while loading YAML.
  did not find expected alphabetic or numeric character

The error appears to be in '/home/ec2-user/playb.yml': line 39, column 3, but may
be elsewhere in the file depending on the exact syntax problem.

The offending line appears to be:

       state:  present
 ****play.yml
  ^ here

2023-05-16 22:32:09,522 p=4887 u=ec2-user n=ansible | ERROR! We were unable to read either as JSON nor YAML, these are the errors we got from each:
JSON: Expecting value: line 1 column 1 (char 0)

Syntax Error while loading YAML.
  did not find expected alphabetic or numeric character

The error appears to be in '/home/ec2-user/playb.yml': line 39, column 3, but may
be elsewhere in the file depending on the exact syntax problem.

The offending line appears to be:

       state: present
 ****play.yml
  ^ here

2023-05-16 22:33:25,284 p=4893 u=ec2-user n=ansible | ERROR! We were unable to read either as JSON nor YAML, these are the errors we got from each:
JSON: Expecting value: line 1 column 1 (char 0)

Syntax Error while loading YAML.
  mapping values are not allowed in this context

The error appears to be in '/home/ec2-user/playb.yml': line 33, column 14, but may
be elsewhere in the file depending on the exact syntax problem.

The offending line appears to be:

       name:  httpd
        state: present
             ^ here

2023-05-16 23:04:11,352 p=5031 u=ec2-user n=ansible | playbook: playc.yml
2023-05-16 23:05:32,340 p=5037 u=ec2-user n=ansible | ERROR! the playbook: playc could not be found
2023-05-16 23:05:50,151 p=5040 u=ec2-user n=ansible | PLAY [devserver] ***************************************************************
2023-05-16 23:05:50,180 p=5040 u=ec2-user n=ansible | TASK [Gathering Facts] *********************************************************
2023-05-16 23:05:52,379 p=5040 u=ec2-user n=ansible | [WARNING]: Platform linux on host 52.207.220.57 is using the discovered Python
interpreter at /usr/bin/python, but future installation of another Python
interpreter could change the meaning of that path. See
https://docs.ansible.com/ansible-
core/2.11/reference_appendices/interpreter_discovery.html for more information.

2023-05-16 23:05:52,379 p=5040 u=ec2-user n=ansible | ok: [52.207.220.57]
2023-05-16 23:05:52,401 p=5040 u=ec2-user n=ansible | TASK [creating user] ***********************************************************
2023-05-16 23:05:53,063 p=5040 u=ec2-user n=ansible | ok: [52.207.220.57]
2023-05-16 23:05:53,093 p=5040 u=ec2-user n=ansible | TASK [create file] *************************************************************
2023-05-16 23:05:53,617 p=5040 u=ec2-user n=ansible | changed: [52.207.220.57]
2023-05-16 23:05:53,627 p=5040 u=ec2-user n=ansible | TASK [create directory] ********************************************************
2023-05-16 23:05:53,925 p=5040 u=ec2-user n=ansible | changed: [52.207.220.57]
2023-05-16 23:05:53,938 p=5040 u=ec2-user n=ansible | TASK [install apache] **********************************************************
2023-05-16 23:06:20,124 p=5040 u=ec2-user n=ansible | changed: [52.207.220.57]
2023-05-16 23:06:20,137 p=5040 u=ec2-user n=ansible | TASK [install finger] **********************************************************
2023-05-16 23:06:27,456 p=5040 u=ec2-user n=ansible | changed: [52.207.220.57]
2023-05-16 23:06:27,478 p=5040 u=ec2-user n=ansible | PLAY RECAP *********************************************************************
2023-05-16 23:06:27,478 p=5040 u=ec2-user n=ansible | 52.207.220.57              : ok=6    changed=4    unreachable=0    failed=0    skipped=0    rescued=0    ignored=0   
2023-05-16 23:17:01,929 p=5179 u=ec2-user n=ansible | playbook: playc.yml
2023-05-16 23:17:10,644 p=5184 u=ec2-user n=ansible | PLAY [devserver] ***************************************************************
2023-05-16 23:17:10,661 p=5184 u=ec2-user n=ansible | TASK [Gathering Facts] *********************************************************
2023-05-16 23:17:13,071 p=5184 u=ec2-user n=ansible | [WARNING]: Platform linux on host 52.207.220.57 is using the discovered Python
interpreter at /usr/bin/python, but future installation of another Python
interpreter could change the meaning of that path. See
https://docs.ansible.com/ansible-
core/2.11/reference_appendices/interpreter_discovery.html for more information.

2023-05-16 23:17:13,071 p=5184 u=ec2-user n=ansible | ok: [52.207.220.57]
2023-05-16 23:17:13,099 p=5184 u=ec2-user n=ansible | TASK [creating user] ***********************************************************
2023-05-16 23:17:13,727 p=5184 u=ec2-user n=ansible | ok: [52.207.220.57]
2023-05-16 23:17:13,737 p=5184 u=ec2-user n=ansible | TASK [create file] *************************************************************
2023-05-16 23:17:14,186 p=5184 u=ec2-user n=ansible | changed: [52.207.220.57]
2023-05-16 23:17:14,196 p=5184 u=ec2-user n=ansible | TASK [create directory] ********************************************************
2023-05-16 23:17:14,571 p=5184 u=ec2-user n=ansible | ok: [52.207.220.57]
2023-05-16 23:17:14,583 p=5184 u=ec2-user n=ansible | TASK [install apache] **********************************************************
2023-05-16 23:17:15,885 p=5184 u=ec2-user n=ansible | ok: [52.207.220.57]
2023-05-16 23:17:15,896 p=5184 u=ec2-user n=ansible | TASK [install finger] **********************************************************
2023-05-16 23:17:16,910 p=5184 u=ec2-user n=ansible | ok: [52.207.220.57]
2023-05-16 23:17:16,944 p=5184 u=ec2-user n=ansible | PLAY RECAP *********************************************************************
2023-05-16 23:17:16,944 p=5184 u=ec2-user n=ansible | 52.207.220.57              : ok=6    changed=1    unreachable=0    failed=0    skipped=0    rescued=0    ignored=0   
